2020-06-06T13:51:45.211Z - (my-bank-api) - info: server is running
2020-06-06T13:54:07.024Z - (my-bank-api) - info: server is running
2020-06-06T13:54:48.864Z - (my-bank-api) - info: server is running
2020-06-06T13:54:54.113Z - (my-bank-api) - info: POST/account {"id":5,"name":"Fulano","balance":10}
2020-06-06T13:56:17.036Z - (my-bank-api) - info: server is running
2020-06-06T13:58:16.900Z - (my-bank-api) - info: server is running
2020-06-06T13:59:36.844Z - (my-bank-api) - info: server is running
2020-06-06T14:00:39.865Z - (my-bank-api) - info: server is running
2020-06-06T14:01:11.154Z - (my-bank-api) - info: server is running
2020-06-06T14:01:15.742Z - (my-bank-api) - info: GET/account
2020-06-06T14:01:17.979Z - (my-bank-api) - info: POST/account
2020-06-06T14:01:22.744Z - (my-bank-api) - info: POST/account {"id":1,"name":"Siclano Atualizado","balance":1122}
2020-06-06T14:01:25.988Z - (my-bank-api) - info: POST/account {"id":6,"name":"Fulano","balance":10}
2020-06-06T14:01:29.081Z - (my-bank-api) - info: DELETE/account [object Object]
2020-06-06T14:01:34.706Z - (my-bank-api) - error: POST/account/transaction Não há saldo suficiente!
2020-06-06T14:01:40.489Z - (my-bank-api) - info: PUT/account 1
2020-06-06T14:01:50.693Z - (my-bank-api) - info: POST/account {"id":7,"name":"Fulano","balance":10}
2020-06-06T14:01:53.294Z - (my-bank-api) - error: GET/account/:id Cannot set property 'name' of undefined
2020-06-06T14:02:00.044Z - (my-bank-api) - info: GET/account
2020-06-06T14:02:04.818Z - (my-bank-api) - info: PUT/account {"id":5,"name":"Siclano Atualizado","balance":1122}
2020-06-06T14:02:37.991Z - (my-bank-api) - info: server is running
2020-06-06T14:03:05.972Z - (my-bank-api) - info: server is running
2020-06-07T12:18:23.736Z - (my-bank-api) - info: GET/account
2020-06-07T12:18:23.740Z - (my-bank-api) - info: GET/account
2020-06-07T12:26:49.702Z - (my-bank-api) - info: GET/account
2020-06-07T12:26:54.088Z - (my-bank-api) - info: GET/account
2020-06-07T12:39:23.008Z [my-bank-api] info: API Started!
2020-06-07T13:14:39.662Z [my-bank-api] info: API Started!
2020-06-16T10:11:59.236Z [my-bank-api] info: API Started!
2020-06-16T10:12:10.794Z [my-bank-api] info: API Started!
2020-06-16T10:12:21.226Z [my-bank-api] info: GET /account
2020-06-16T10:13:03.435Z [my-bank-api] info: API Started!
2020-06-16T10:13:40.059Z [my-bank-api] info: API Started!
2020-06-16T10:13:59.317Z [my-bank-api] info: GET /account
2020-06-16T10:13:59.319Z [my-bank-api] info: GET /account
2020-06-16T10:14:45.703Z [my-bank-api] info: GET /account
2020-06-16T10:15:17.133Z [my-bank-api] info: POST /account - {"id":7,"name":"Fulano 1","balance":10}
2020-06-16T10:15:20.235Z [my-bank-api] info: GET /account
2020-06-16T10:15:20.258Z [my-bank-api] info: GET /account
2020-06-16T10:15:26.112Z [my-bank-api] info: GET /account/:id - {"id":7,"name":"Fulano 1","balance":10}
2020-06-16T10:15:26.129Z [my-bank-api] info: GET /account/:id - {"id":7,"name":"Fulano 1","balance":10}
2020-06-16T10:15:32.894Z [my-bank-api] error: POST /account/transaction - Não há suficiente.
2020-06-16T10:15:32.929Z [my-bank-api] error: POST /account/transaction - Não há suficiente.
2020-06-16T10:15:37.810Z [my-bank-api] info: POST /account/transaction - {"id":1,"value":5000}
2020-06-16T10:15:45.006Z [my-bank-api] info: DELETE /account/:id - 7
2020-06-16T10:15:45.082Z [my-bank-api] info: DELETE /account/:id - 7
2020-06-16T10:15:47.622Z [my-bank-api] info: GET /account
2020-06-16T10:15:47.645Z [my-bank-api] info: GET /account
2020-06-16T10:15:55.849Z [my-bank-api] info: PUT /account - {"id":1,"name":"Siclano Atualizado","balance":1122}
2020-06-16T10:15:58.269Z [my-bank-api] info: GET /account
